

Microchip MPLAB XC8 Assembler V2.10 build 88905656 
                                                                                               Thu Jan 09 00:25:06 2020

Microchip MPLAB XC8 C Compiler v2.10 (Free license) build 20190730164152 Og1 
     1                           	processor	16F628A
     2                           	opt	pw 120
     3                           	opt	flic
     4                           	psect	cinit,global,class=CODE,merge=1,delta=2
     5                           	psect	cstackCOMMON,global,class=COMMON,space=1,delta=1
     6                           	psect	maintext,global,class=CODE,split=1,delta=2
     7                           	psect	text1,local,class=CODE,merge=1,delta=2
     8                           	psect	text2,local,class=CODE,merge=1,delta=2
     9                           	psect	text3,local,class=CODE,merge=1,delta=2
    10                           	psect	intentry,global,class=CODE,delta=2
    11                           	dabs	1,0x7E,2
    12  0000                     
    13                           ; Version 2.10
    14                           ; Generated 31/07/2019 GMT
    15                           ; 
    16                           ; Copyright © 2019, Microchip Technology Inc. and its subsidiaries ("Microchip")
    17                           ; All rights reserved.
    18                           ; 
    19                           ; This software is developed by Microchip Technology Inc. and its subsidiaries ("Microch
      +                          ip").
    20                           ; 
    21                           ; Redistribution and use in source and binary forms, with or without modification, are
    22                           ; permitted provided that the following conditions are met:
    23                           ; 
    24                           ;     1. Redistributions of source code must retain the above copyright notice, this lis
      +                          t of
    25                           ;        conditions and the following disclaimer.
    26                           ; 
    27                           ;     2. Redistributions in binary form must reproduce the above copyright notice, this 
      +                          list
    28                           ;        of conditions and the following disclaimer in the documentation and/or other
    29                           ;        materials provided with the distribution.
    30                           ; 
    31                           ;     3. Microchip's name may not be used to endorse or promote products derived from th
      +                          is
    32                           ;        software without specific prior written permission.
    33                           ; 
    34                           ; THIS SOFTWARE IS PROVIDED BY MICROCHIP "AS IS" AND ANY EXPRESS OR IMPLIED WARRANTIES,
    35                           ; INCLUDING, BUT NOT LIMITED TO, THE IMPLIED WARRANTIES OF MERCHANTABILITY AND FITNESS F
      +                          OR
    36                           ; PURPOSE ARE DISCLAIMED.  IN NO EVENT SHALL MICROCHIP BE LIABLE FOR ANY DIRECT, INDIREC
      +                          T,
    37                           ; INCIDENTAL, SPECIAL, EXEMPLARY, OR CONSEQUENTIAL DAMAGES (INCLUDING BUT NOT LIMITED TO
    38                           ; PROCUREMENT OF SUBSTITUTE GOODS OR SERVICES; LOSS OF USE, DATA OR PROFITS; OR BUSINESS
    39                           ; INTERRUPTION) HOWSOEVER CAUSED AND ON ANY THEORY OF LIABILITY, WHETHER IN CONTRACT, ST
      +                          RICT
    40                           ; LIABILITY, OR TORT (INCLUDING NEGLIGENCE OR OTHERWISE) ARISING IN ANY WAY OUT OF THE U
      +                          SE OF
    41                           ; THIS SOFTWARE, EVEN IF ADVISED OF THE POSSIBILITY OF SUCH DAMAGE.
    42                           ; 
    43                           ; 
    44                           ; Code-generator required, PIC16F628A Definitions
    45                           ; 
    46                           ; SFR Addresses
    47  0000                     	;# 
    48  0001                     	;# 
    49  0002                     	;# 
    50  0003                     	;# 
    51  0004                     	;# 
    52  0005                     	;# 
    53  0006                     	;# 
    54  000A                     	;# 
    55  000B                     	;# 
    56  000C                     	;# 
    57  000E                     	;# 
    58  000E                     	;# 
    59  000F                     	;# 
    60  0010                     	;# 
    61  0011                     	;# 
    62  0012                     	;# 
    63  0015                     	;# 
    64  0015                     	;# 
    65  0016                     	;# 
    66  0017                     	;# 
    67  0018                     	;# 
    68  0019                     	;# 
    69  001A                     	;# 
    70  001F                     	;# 
    71  0081                     	;# 
    72  0085                     	;# 
    73  0086                     	;# 
    74  008C                     	;# 
    75  008E                     	;# 
    76  0092                     	;# 
    77  0098                     	;# 
    78  0099                     	;# 
    79  009A                     	;# 
    80  009B                     	;# 
    81  009C                     	;# 
    82  009D                     	;# 
    83  009F                     	;# 
    84  0000                     	;# 
    85  0001                     	;# 
    86  0002                     	;# 
    87  0003                     	;# 
    88  0004                     	;# 
    89  0005                     	;# 
    90  0006                     	;# 
    91  000A                     	;# 
    92  000B                     	;# 
    93  000C                     	;# 
    94  000E                     	;# 
    95  000E                     	;# 
    96  000F                     	;# 
    97  0010                     	;# 
    98  0011                     	;# 
    99  0012                     	;# 
   100  0015                     	;# 
   101  0015                     	;# 
   102  0016                     	;# 
   103  0017                     	;# 
   104  0018                     	;# 
   105  0019                     	;# 
   106  001A                     	;# 
   107  001F                     	;# 
   108  0081                     	;# 
   109  0085                     	;# 
   110  0086                     	;# 
   111  008C                     	;# 
   112  008E                     	;# 
   113  0092                     	;# 
   114  0098                     	;# 
   115  0099                     	;# 
   116  009A                     	;# 
   117  009B                     	;# 
   118  009C                     	;# 
   119  009D                     	;# 
   120  009F                     	;# 
   121  0000                     	;# 
   122  0001                     	;# 
   123  0002                     	;# 
   124  0003                     	;# 
   125  0004                     	;# 
   126  0005                     	;# 
   127  0006                     	;# 
   128  000A                     	;# 
   129  000B                     	;# 
   130  000C                     	;# 
   131  000E                     	;# 
   132  000E                     	;# 
   133  000F                     	;# 
   134  0010                     	;# 
   135  0011                     	;# 
   136  0012                     	;# 
   137  0015                     	;# 
   138  0015                     	;# 
   139  0016                     	;# 
   140  0017                     	;# 
   141  0018                     	;# 
   142  0019                     	;# 
   143  001A                     	;# 
   144  001F                     	;# 
   145  0081                     	;# 
   146  0085                     	;# 
   147  0086                     	;# 
   148  008C                     	;# 
   149  008E                     	;# 
   150  0092                     	;# 
   151  0098                     	;# 
   152  0099                     	;# 
   153  009A                     	;# 
   154  009B                     	;# 
   155  009C                     	;# 
   156  009D                     	;# 
   157  009F                     	;# 
   158  0000                     	;# 
   159  0001                     	;# 
   160  0002                     	;# 
   161  0003                     	;# 
   162  0004                     	;# 
   163  0005                     	;# 
   164  0006                     	;# 
   165  000A                     	;# 
   166  000B                     	;# 
   167  000C                     	;# 
   168  000E                     	;# 
   169  000E                     	;# 
   170  000F                     	;# 
   171  0010                     	;# 
   172  0011                     	;# 
   173  0012                     	;# 
   174  0015                     	;# 
   175  0015                     	;# 
   176  0016                     	;# 
   177  0017                     	;# 
   178  0018                     	;# 
   179  0019                     	;# 
   180  001A                     	;# 
   181  001F                     	;# 
   182  0081                     	;# 
   183  0085                     	;# 
   184  0086                     	;# 
   185  008C                     	;# 
   186  008E                     	;# 
   187  0092                     	;# 
   188  0098                     	;# 
   189  0099                     	;# 
   190  009A                     	;# 
   191  009B                     	;# 
   192  009C                     	;# 
   193  009D                     	;# 
   194  009F                     	;# 
   195  0000                     	;# 
   196  0001                     	;# 
   197  0002                     	;# 
   198  0003                     	;# 
   199  0004                     	;# 
   200  0005                     	;# 
   201  0006                     	;# 
   202  000A                     	;# 
   203  000B                     	;# 
   204  000C                     	;# 
   205  000E                     	;# 
   206  000E                     	;# 
   207  000F                     	;# 
   208  0010                     	;# 
   209  0011                     	;# 
   210  0012                     	;# 
   211  0015                     	;# 
   212  0015                     	;# 
   213  0016                     	;# 
   214  0017                     	;# 
   215  0018                     	;# 
   216  0019                     	;# 
   217  001A                     	;# 
   218  001F                     	;# 
   219  0081                     	;# 
   220  0085                     	;# 
   221  0086                     	;# 
   222  008C                     	;# 
   223  008E                     	;# 
   224  0092                     	;# 
   225  0098                     	;# 
   226  0099                     	;# 
   227  009A                     	;# 
   228  009B                     	;# 
   229  009C                     	;# 
   230  009D                     	;# 
   231  009F                     	;# 
   232  0000                     	;# 
   233  0001                     	;# 
   234  0002                     	;# 
   235  0003                     	;# 
   236  0004                     	;# 
   237  0005                     	;# 
   238  0006                     	;# 
   239  000A                     	;# 
   240  000B                     	;# 
   241  000C                     	;# 
   242  000E                     	;# 
   243  000E                     	;# 
   244  000F                     	;# 
   245  0010                     	;# 
   246  0011                     	;# 
   247  0012                     	;# 
   248  0015                     	;# 
   249  0015                     	;# 
   250  0016                     	;# 
   251  0017                     	;# 
   252  0018                     	;# 
   253  0019                     	;# 
   254  001A                     	;# 
   255  001F                     	;# 
   256  0081                     	;# 
   257  0085                     	;# 
   258  0086                     	;# 
   259  008C                     	;# 
   260  008E                     	;# 
   261  0092                     	;# 
   262  0098                     	;# 
   263  0099                     	;# 
   264  009A                     	;# 
   265  009B                     	;# 
   266  009C                     	;# 
   267  009D                     	;# 
   268  009F                     	;# 
   269                           
   270                           	psect	cinit
   271  000B                     start_initialization:	
   272                           ; #config settings
   273                           
   274  000B                     __initialization:	
   275  000B                     end_of_initialization:	
   276                           ;End of C runtime variable initialization code
   277                           
   278  000B                     __end_of__initialization:	
   279  000B  0183               	clrf	3
   280  000C  2814               	ljmp	_main	;jump to C main() function
   281                           
   282                           	psect	cstackCOMMON
   283  0070                     __pcstackCOMMON:	
   284  0070                     ?_ConfigureOscillator:	
   285  0070                     ?_InitApp:	
   286                           ; 1 bytes @ 0x0
   287                           
   288  0070                     ?_isr:	
   289                           ; 1 bytes @ 0x0
   290                           
   291  0070                     ??_isr:	
   292                           ; 1 bytes @ 0x0
   293                           
   294  0070                     ?_main:	
   295                           ; 1 bytes @ 0x0
   296                           
   297                           
   298                           ; 1 bytes @ 0x0
   299  0070                     	ds	2
   300  0072                     ??_ConfigureOscillator:	
   301  0072                     ??_InitApp:	
   302                           ; 1 bytes @ 0x2
   303                           
   304  0072                     ??_main:	
   305                           ; 1 bytes @ 0x2
   306                           
   307                           
   308                           	psect	maintext
   309  0014                     __pmaintext:	
   310                           ; 1 bytes @ 0x2
   311 ;;
   312 ;;Main: autosize = 0, tempsize = 0, incstack = 0, save=0
   313 ;;
   314 ;; *************** function _main *****************
   315 ;; Defined at:
   316 ;;		line 26 in file "main.c"
   317 ;; Parameters:    Size  Location     Type
   318 ;;		None
   319 ;; Auto vars:     Size  Location     Type
   320 ;;		None
   321 ;; Return value:  Size  Location     Type
   322 ;;                  1    wreg      void 
   323 ;; Registers used:
   324 ;;		status,2, status,0, pclath, cstack
   325 ;; Tracked objects:
   326 ;;		On entry : B00/0
   327 ;;		On exit  : 0/0
   328 ;;		Unchanged: 0/0
   329 ;; Data sizes:     COMMON   BANK0   BANK1   BANK2
   330 ;;      Params:         0       0       0       0
   331 ;;      Locals:         0       0       0       0
   332 ;;      Temps:          0       0       0       0
   333 ;;      Totals:         0       0       0       0
   334 ;;Total ram usage:        0 bytes
   335 ;; Hardware stack levels required when called:    2
   336 ;; This function calls:
   337 ;;		_ConfigureOscillator
   338 ;;		_InitApp
   339 ;; This function is called by:
   340 ;;		Startup code after reset
   341 ;; This function uses a non-reentrant model
   342 ;;
   343                           
   344                           
   345                           ;psect for function _main
   346  0014                     _main:	
   347  0014                     l615:	
   348                           ;incstack = 0
   349                           ; Regs used in _main: [status,2+status,0+pclath+cstack]
   350                           
   351                           
   352                           ;main.c: 29:     ConfigureOscillator();
   353  0014  2019               	fcall	_ConfigureOscillator
   354                           
   355                           ;main.c: 32:     InitApp();
   356  0015  2018               	fcall	_InitApp
   357  0016                     l14:	
   358                           ;main.c: 35:     while(1)
   359                           
   360  0016                     l15:	
   361                           ;main.c: 36:     {;main.c: 38:     }
   362                           
   363  0016  2816               	goto	l14
   364  0017  280A               	ljmp	start
   365  0018                     __end_of_main:	
   366                           
   367                           	psect	text1
   368  0018                     __ptext1:	
   369 ;; *************** function _InitApp *****************
   370 ;; Defined at:
   371 ;;		line 22 in file "user.c"
   372 ;; Parameters:    Size  Location     Type
   373 ;;		None
   374 ;; Auto vars:     Size  Location     Type
   375 ;;		None
   376 ;; Return value:  Size  Location     Type
   377 ;;                  1    wreg      void 
   378 ;; Registers used:
   379 ;;		None
   380 ;; Tracked objects:
   381 ;;		On entry : 0/0
   382 ;;		On exit  : 0/0
   383 ;;		Unchanged: 0/0
   384 ;; Data sizes:     COMMON   BANK0   BANK1   BANK2
   385 ;;      Params:         0       0       0       0
   386 ;;      Locals:         0       0       0       0
   387 ;;      Temps:          0       0       0       0
   388 ;;      Totals:         0       0       0       0
   389 ;;Total ram usage:        0 bytes
   390 ;; Hardware stack levels used:    1
   391 ;; Hardware stack levels required when called:    1
   392 ;; This function calls:
   393 ;;		Nothing
   394 ;; This function is called by:
   395 ;;		_main
   396 ;; This function uses a non-reentrant model
   397 ;;
   398                           
   399                           
   400                           ;psect for function _InitApp
   401  0018                     _InitApp:	
   402  0018                     l23:	
   403                           ;incstack = 0
   404                           ; Regs used in _InitApp: []
   405                           
   406  0018  0008               	return
   407  0019                     __end_of_InitApp:	
   408                           
   409                           	psect	text2
   410  0019                     __ptext2:	
   411 ;; *************** function _ConfigureOscillator *****************
   412 ;; Defined at:
   413 ;;		line 18 in file "system.c"
   414 ;; Parameters:    Size  Location     Type
   415 ;;		None
   416 ;; Auto vars:     Size  Location     Type
   417 ;;		None
   418 ;; Return value:  Size  Location     Type
   419 ;;                  1    wreg      void 
   420 ;; Registers used:
   421 ;;		None
   422 ;; Tracked objects:
   423 ;;		On entry : 0/0
   424 ;;		On exit  : 0/0
   425 ;;		Unchanged: 0/0
   426 ;; Data sizes:     COMMON   BANK0   BANK1   BANK2
   427 ;;      Params:         0       0       0       0
   428 ;;      Locals:         0       0       0       0
   429 ;;      Temps:          0       0       0       0
   430 ;;      Totals:         0       0       0       0
   431 ;;Total ram usage:        0 bytes
   432 ;; Hardware stack levels used:    1
   433 ;; Hardware stack levels required when called:    1
   434 ;; This function calls:
   435 ;;		Nothing
   436 ;; This function is called by:
   437 ;;		_main
   438 ;; This function uses a non-reentrant model
   439 ;;
   440                           
   441                           
   442                           ;psect for function _ConfigureOscillator
   443  0019                     _ConfigureOscillator:	
   444  0019                     l20:	
   445                           ;incstack = 0
   446                           ; Regs used in _ConfigureOscillator: []
   447                           
   448  0019  0008               	return
   449  001A                     __end_of_ConfigureOscillator:	
   450                           
   451                           	psect	text3
   452  000D                     __ptext3:	
   453 ;; *************** function _isr *****************
   454 ;; Defined at:
   455 ;;		line 23 in file "interrupts.c"
   456 ;; Parameters:    Size  Location     Type
   457 ;;		None
   458 ;; Auto vars:     Size  Location     Type
   459 ;;		None
   460 ;; Return value:  Size  Location     Type
   461 ;;                  1    wreg      void 
   462 ;; Registers used:
   463 ;;		None
   464 ;; Tracked objects:
   465 ;;		On entry : 0/0
   466 ;;		On exit  : 0/0
   467 ;;		Unchanged: 0/0
   468 ;; Data sizes:     COMMON   BANK0   BANK1   BANK2
   469 ;;      Params:         0       0       0       0
   470 ;;      Locals:         0       0       0       0
   471 ;;      Temps:          2       0       0       0
   472 ;;      Totals:         2       0       0       0
   473 ;;Total ram usage:        2 bytes
   474 ;; Hardware stack levels used:    1
   475 ;; This function calls:
   476 ;;		Nothing
   477 ;; This function is called by:
   478 ;;		Interrupt level 1
   479 ;; This function uses a non-reentrant model
   480 ;;
   481                           
   482                           
   483                           ;psect for function _isr
   484  000D                     _isr:	
   485  000D                     i1l5:	
   486  000D  0871               	movf	??_isr+1,w
   487  000E  008A               	movwf	10
   488  000F  0E70               	swapf	??_isr^(0+4294967168),w
   489  0010  0083               	movwf	3
   490  0011  0EFE               	swapf	btemp,f
   491  0012  0E7E               	swapf	btemp,w
   492  0013  0009               	retfie
   493  0014                     __end_of_isr:	
   494  007E                     btemp	set	126	;btemp
   495  007E                     wtemp0	set	126
   496                           
   497                           	psect	intentry
   498  0004                     __pintentry:	
   499                           ;incstack = 0
   500                           ; Regs used in _isr: []
   501                           
   502  0004                     interrupt_function:	
   503  007E                     saved_w	set	btemp
   504  0004  00FE               	movwf	btemp
   505  0005  0E03               	swapf	3,w
   506  0006  00F0               	movwf	??_isr
   507  0007  080A               	movf	10,w
   508  0008  00F1               	movwf	??_isr+1
   509  0009  280D               	ljmp	_isr


Data Sizes:
    Strings     0
    Constant    0
    Data        0
    BSS         0
    Persistent  0
    Stack       0

Auto Spaces:
    Space          Size  Autos    Used
    COMMON           14      2       2
    BANK0            80      0       0
    BANK1            80      0       0
    BANK2            48      0       0

Pointer List with Targets:

    None.

Critical Paths under _main in COMMON

    None.

Critical Paths under _isr in COMMON

    None.

Critical Paths under _main in BANK0

    None.

Critical Paths under _isr in BANK0

    None.

Critical Paths under _main in BANK1

    None.

Critical Paths under _isr in BANK1

    None.

Critical Paths under _main in BANK2

    None.

Critical Paths under _isr in BANK2

    None.

Call Graph Tables:

 ---------------------------------------------------------------------------------
 (Depth) Function   	        Calls       Base Space   Used Autos Params    Refs
 ---------------------------------------------------------------------------------
 (0) _main                                                 0     0      0       0
                _ConfigureOscillator
                            _InitApp
 ---------------------------------------------------------------------------------
 (1) _InitApp                                              0     0      0       0
 ---------------------------------------------------------------------------------
 (1) _ConfigureOscillator                                  0     0      0       0
 ---------------------------------------------------------------------------------
 Estimated maximum stack depth 1
 ---------------------------------------------------------------------------------
 (Depth) Function   	        Calls       Base Space   Used Autos Params    Refs
 ---------------------------------------------------------------------------------
 (2) _isr                                                  2     2      0       0
                                              0 COMMON     2     2      0
 ---------------------------------------------------------------------------------
 Estimated maximum stack depth 2
 ---------------------------------------------------------------------------------

 Call Graph Graphs:

 _main (ROOT)
   _ConfigureOscillator
   _InitApp

 _isr (ROOT)

 Address spaces:
Name               Size   Autos  Total    Cost      Usage
BITCOMMON            E      0       0       0        0.0%
EEDATA              80      0       0       0        0.0%
NULL                 0      0       0       0        0.0%
CODE                 0      0       0       0        0.0%
COMMON               E      2       2       1       14.3%
BITSFR0              0      0       0       1        0.0%
SFR0                 0      0       0       1        0.0%
BITSFR1              0      0       0       2        0.0%
SFR1                 0      0       0       2        0.0%
STACK                0      0       0       2        0.0%
BANK0               50      0       0       3        0.0%
BITSFR3              0      0       0       4        0.0%
SFR3                 0      0       0       4        0.0%
ABS                  0      0       0       4        0.0%
BITBANK0            50      0       0       5        0.0%
BITSFR2              0      0       0       5        0.0%
SFR2                 0      0       0       5        0.0%
BITBANK1            50      0       0       6        0.0%
BANK1               50      0       0       7        0.0%
BITBANK2            30      0       0       8        0.0%
BANK2               30      0       0       9        0.0%
DATA                 0      0       0      10        0.0%


Microchip Technology PIC Macro Assembler V2.10 build 88905656 
Symbol Table                                                                                   Thu Jan 09 00:25:06 2020

                          l20 0019                            l14 0016                            l23 0018  
                          l15 0016                           l615 0014                           i1l5 000D  
                         _isr 000D                          ?_isr 0070                          _main 0014  
                        btemp 007E                          start 000A               __end_of_InitApp 0019  
                       ??_isr 0070                         ?_main 0070           _ConfigureOscillator 0019  
                       pclath 000A                         status 0003                         wtemp0 007E  
        ?_ConfigureOscillator 0070               __initialization 000B                  __end_of_main 0018  
                      ??_main 0072                     ??_InitApp 0072         ??_ConfigureOscillator 0072  
                      saved_w 007E       __end_of__initialization 000B                __pcstackCOMMON 0070  
                  __pmaintext 0014                    __pintentry 0004                       _InitApp 0018  
                     __ptext1 0018                       __ptext2 0019                       __ptext3 000D  
                __size_of_isr 0007          end_of_initialization 000B   __end_of_ConfigureOscillator 001A  
         start_initialization 000B                   __end_of_isr 0014                     ___latbits 0000  
                    ?_InitApp 0070             interrupt_function 0004              __size_of_InitApp 0001  
               __size_of_main 0004  __size_of_ConfigureOscillator 0001                      intlevel1 0000  
